<?xml version="1.0" encoding="UTF-8"?>
<!-- Generated by org.testng.reporters.JUnitReportReporter -->
<testsuite hostname="DESKTOP-M02POL9" failures="0" tests="1" name="test.AppiumDriver" time="5.778" errors="0" timestamp="2023-01-13T16:39:05 EET" skipped="0">
  <testcase classname="test.AppiumDriver" name="myFirstTest" time="5.778"/>
  <system-out/>
</testsuite> <!-- test.AppiumDriver -->
